<?xml version="1.0" encoding="UTF-8"?>
<!-- Generated by org.testng.reporters.JUnitReportReporter -->
<testsuite hostname="dell" failures="0" tests="6" name="observr_pom.TestVerification" time="30.832" errors="0" timestamp="2025-05-15T14:43:52 IST" skipped="0">
  <testcase classname="observr_pom.TestVerification" name="verifyTitleAndLogo" time="4.844"/>
  <testcase classname="observr_pom.TestVerification" name="verifyscreenshot_maintext" time="5.622"/>
  <testcase classname="observr_pom.TestVerification" name="verifyvideobtn_loadmorebtn_booksession" time="2.907"/>
  <testcase classname="observr_pom.TestVerification" name="industry" time="11.788"/>
  <testcase classname="observr_pom.TestVerification" name="solutions" time="4.700"/>
  <testcase classname="observr_pom.TestVerification" name="product" time="0.971"/>
</testsuite> <!-- observr_pom.TestVerification -->
