<?xml version="1.0" encoding="UTF-8"?>
<!-- Generated by org.testng.reporters.JUnitReportReporter -->
<testsuite hostname="dell" failures="0" tests="7" name="observr_pom.TestVerification" time="9.628" errors="0" timestamp="2025-05-22T14:44:44 IST" skipped="0">
  <testcase classname="observr_pom.TestVerification" name="verifyTitleAndLogo" time="1.019"/>
  <testcase classname="observr_pom.TestVerification" name="verifyscreenshot_maintext" time="1.218"/>
  <testcase classname="observr_pom.TestVerification" name="verifyvideobtn_loadmorebtn_booksession" time="1.171"/>
  <testcase classname="observr_pom.TestVerification" name="industry" time="0.884"/>
  <testcase classname="observr_pom.TestVerification" name="solutions" time="1.113"/>
  <testcase classname="observr_pom.TestVerification" name="product" time="3.076"/>
  <testcase classname="observr_pom.TestVerification" name="others" time="1.147"/>
</testsuite> <!-- observr_pom.TestVerification -->
