<?xml version="1.0" encoding="UTF-8"?>
<!-- Generated by org.testng.reporters.JUnitReportReporter -->
<testsuite hostname="dell" failures="0" tests="7" name="observr_pom.TestVerification" time="9.042" errors="0" timestamp="2025-05-18T14:44:28 IST" skipped="0">
  <testcase classname="observr_pom.TestVerification" name="verifyTitleAndLogo" time="0.753"/>
  <testcase classname="observr_pom.TestVerification" name="others" time="0.963"/>
  <testcase classname="observr_pom.TestVerification" name="verifyscreenshot_maintext" time="1.239"/>
  <testcase classname="observr_pom.TestVerification" name="verifyvideobtn_loadmorebtn_booksession" time="1.047"/>
  <testcase classname="observr_pom.TestVerification" name="industry" time="0.913"/>
  <testcase classname="observr_pom.TestVerification" name="solutions" time="3.342"/>
  <testcase classname="observr_pom.TestVerification" name="product" time="0.785"/>
</testsuite> <!-- observr_pom.TestVerification -->
