<?xml version="1.0" encoding="UTF-8"?>
<!-- Generated by org.testng.reporters.JUnitReportReporter -->
<testsuite hostname="dell" failures="0" tests="7" name="observr_pom.TestVerification" time="8.439" errors="0" timestamp="2025-05-19T14:21:12 IST" skipped="0">
  <testcase classname="observr_pom.TestVerification" name="verifyTitleAndLogo" time="0.707"/>
  <testcase classname="observr_pom.TestVerification" name="verifyscreenshot_maintext" time="0.829"/>
  <testcase classname="observr_pom.TestVerification" name="verifyvideobtn_loadmorebtn_booksession" time="4.376"/>
  <testcase classname="observr_pom.TestVerification" name="industry" time="0.640"/>
  <testcase classname="observr_pom.TestVerification" name="solutions" time="0.585"/>
  <testcase classname="observr_pom.TestVerification" name="product" time="0.693"/>
  <testcase classname="observr_pom.TestVerification" name="others" time="0.609"/>
</testsuite> <!-- observr_pom.TestVerification -->
