<?xml version="1.0" encoding="UTF-8"?>
<!-- Generated by org.testng.reporters.JUnitReportReporter -->
<testsuite hostname="dell" failures="0" tests="7" name="observr_pom.TestVerification" time="9.167" errors="0" timestamp="2025-05-22T14:49:48 IST" skipped="0">
  <testcase classname="observr_pom.TestVerification" name="verifyTitleAndLogo" time="1.092"/>
  <testcase classname="observr_pom.TestVerification" name="verifyscreenshot_maintext" time="1.379"/>
  <testcase classname="observr_pom.TestVerification" name="verifyvideobtn_loadmorebtn_booksession" time="1.026"/>
  <testcase classname="observr_pom.TestVerification" name="industry" time="1.113"/>
  <testcase classname="observr_pom.TestVerification" name="solutions" time="0.766"/>
  <testcase classname="observr_pom.TestVerification" name="product" time="2.875"/>
  <testcase classname="observr_pom.TestVerification" name="others" time="0.916"/>
</testsuite> <!-- observr_pom.TestVerification -->
