<?xml version="1.0" encoding="UTF-8"?>
<!-- Generated by org.testng.reporters.JUnitReportReporter -->
<testsuite hostname="dell" failures="0" tests="7" name="observr_pom.TestVerification" time="8.410" errors="0" timestamp="2025-05-22T22:59:05 IST" skipped="0">
  <testcase classname="observr_pom.TestVerification" name="verifyTitleAndLogo" time="0.826"/>
  <testcase classname="observr_pom.TestVerification" name="verifyscreenshot_maintext" time="1.138"/>
  <testcase classname="observr_pom.TestVerification" name="verifyvideobtn_loadmorebtn_booksession" time="3.303"/>
  <testcase classname="observr_pom.TestVerification" name="industry" time="0.734"/>
  <testcase classname="observr_pom.TestVerification" name="solutions" time="0.765"/>
  <testcase classname="observr_pom.TestVerification" name="product" time="0.702"/>
  <testcase classname="observr_pom.TestVerification" name="others" time="0.942"/>
</testsuite> <!-- observr_pom.TestVerification -->
